2025-08-25 15:44:14,698 - __main__ - INFO - 🚀 Запуск скрипта для работы с новым сайтом отчетов
2025-08-25 15:44:14,698 - __main__ - INFO - 📁 Директория для загрузки: /Users/sheva/Downloads
2025-08-25 15:44:14,698 - WDM - INFO - ====== WebDriver manager ======
2025-08-25 15:44:14,813 - WDM - INFO - Get LATEST chromedriver version for google-chrome
2025-08-25 15:44:15,694 - WDM - INFO - Get LATEST chromedriver version for google-chrome
2025-08-25 15:44:16,506 - WDM - INFO - There is no [mac64] chromedriver "139.0.7258.138" for browser google-chrome "139.0.7258" in cache
2025-08-25 15:44:16,518 - WDM - INFO - Get LATEST chromedriver version for google-chrome
2025-08-25 15:44:18,683 - WDM - INFO - WebDriver version 139.0.7258.138 selected
2025-08-25 15:44:18,685 - WDM - INFO - Modern chrome version https://storage.googleapis.com/chrome-for-testing-public/139.0.7258.138/mac-arm64/chromedriver-mac-arm64.zip
2025-08-25 15:44:18,685 - WDM - INFO - About to download new driver from https://storage.googleapis.com/chrome-for-testing-public/139.0.7258.138/mac-arm64/chromedriver-mac-arm64.zip
2025-08-25 15:44:19,434 - WDM - INFO - Driver downloading response is 200
2025-08-25 15:44:55,093 - WDM - INFO - Get LATEST chromedriver version for google-chrome
2025-08-25 15:44:56,107 - WDM - INFO - Driver has been saved in cache [/Users/sheva/.wdm/drivers/chromedriver/mac64/139.0.7258.138]
2025-08-25 15:44:58,026 - __main__ - INFO - ✅ WebDriver инициализирован успешно
2025-08-25 15:44:58,028 - __main__ - INFO - ✅ CDP настройки для скачивания применены
2025-08-25 15:44:58,028 - __main__ - INFO - 🌐 Открываем сайт: http://t2ru-crmdb-03/Reports/report/%D0%9E%D1%82%D1%87%D0%B5%D1%82%D1%8B%20%D0%9A%A6/%D0%9E%D1%82%D1%87%D0%B5%D1%82%20%D0%BF%D0%BE%20%D0%BF%D1%80%D0%B8%D1%87%D0%B8%D0%BD%D0%B0%D0%BC%20%D0%BE%D0%B1%D1%80%D0%B0%D1%89%D0%B5%D0%BD%D0%B8%D0%B9%20(%D1%81%D0%BE%20%D1%81%D1%86%D0%B5%D0%BD%D0%B0%D1%80%D0%B8%D1%8F%D0%BC%D0%B8%20%D1%80%D0%B5%D0%B3%D0%B8%D1%81%D1%82%D1%80%D0%B0%D1%86%D0%B8%D0%B8
2025-08-25 15:45:02,649 - __main__ - ERROR - ❌ Ошибка при открытии сайта: Message: unknown error: net::ERR_CONNECTION_RESET
  (Session info: chrome=139.0.7258.139)
Stacktrace:
0   chromedriver                        0x00000001006a0c20 cxxbridge1$str$ptr + 2747652
1   chromedriver                        0x0000000100698b20 cxxbridge1$str$ptr + 2714628
2   chromedriver                        0x00000001001e10c8 cxxbridge1$string$len + 90536
3   chromedriver                        0x00000001001d9550 cxxbridge1$string$len + 58928
4   chromedriver                        0x00000001001cc1d0 cxxbridge1$string$len + 4784
5   chromedriver                        0x00000001001cdbd0 cxxbridge1$string$len + 11440
6   chromedriver                        0x00000001001cc624 cxxbridge1$string$len + 5892
7   chromedriver                        0x00000001001cbf78 cxxbridge1$string$len + 4184
8   chromedriver                        0x00000001001cbcc4 cxxbridge1$string$len + 3492
9   chromedriver                        0x00000001001c9a7c chromedriver + 203388
10  chromedriver                        0x00000001001ca4d8 chromedriver + 206040
11  chromedriver                        0x00000001001e412c cxxbridge1$string$len + 102924
12  chromedriver                        0x000000010026a450 cxxbridge1$string$len + 652592
13  chromedriver                        0x000000010026999c cxxbridge1$string$len + 649852
14  chromedriver                        0x000000010021c934 cxxbridge1$string$len + 334356
15  chromedriver                        0x000000010066388c cxxbridge1$str$ptr + 2496880
16  chromedriver                        0x0000000100666ab8 cxxbridge1$str$ptr + 2509724
17  chromedriver                        0x0000000100644510 cxxbridge1$str$ptr + 2369012
18  chromedriver                        0x0000000100667360 cxxbridge1$str$ptr + 2511940
19  chromedriver                        0x0000000100635610 cxxbridge1$str$ptr + 2307828
20  chromedriver                        0x0000000100687230 cxxbridge1$str$ptr + 2642708
21  chromedriver                        0x00000001006873bc cxxbridge1$str$ptr + 2643104
22  chromedriver                        0x000000010069876c cxxbridge1$str$ptr + 2713680
23  libsystem_pthread.dylib             0x00000001991cec0c _pthread_start + 136
24  libsystem_pthread.dylib             0x00000001991c9b80 thread_start + 8

2025-08-25 15:45:02,649 - __main__ - ERROR - ❌ Не удалось открыть сайт
2025-08-25 15:45:02,720 - __main__ - INFO - 🔒 Браузер закрыт
2025-08-25 17:00:22,101 - __main__ - INFO - 🚀 Запуск скрипта для работы с новым сайтом отчетов
2025-08-25 17:00:22,116 - __main__ - INFO - 📁 Директория для загрузки: C:\Users\daniil.shevtsov\Downloads
2025-08-25 17:00:22,133 - __main__ - INFO - ✅ Прокси настроен
2025-08-25 17:00:22,140 - WDM - INFO - ====== WebDriver manager ======
2025-08-25 17:00:23,453 - WDM - INFO - Get LATEST chromedriver version for google-chrome
2025-08-25 17:00:23,954 - WDM - INFO - Get LATEST chromedriver version for google-chrome
2025-08-25 17:00:24,342 - WDM - INFO - Driver [C:\Users\daniil.shevtsov\.wdm\drivers\chromedriver\win64\139.0.7258.138\chromedriver-win32/chromedriver.exe] found in cache
2025-08-25 17:00:26,081 - __main__ - INFO - ✅ WebDriver инициализирован успешно
2025-08-25 17:00:26,110 - __main__ - INFO - ✅ CDP настройки для скачивания применены
2025-08-25 17:00:26,117 - __main__ - INFO - 🌐 Открываем сайт: http://t2ru-crmdb-03/Reports/report/%D0%9E%D1%82%D1%87%D0%B5%D1%82%D1%8B%20%D0%9A%A6/%D0%9E%D1%82%D1%87%D0%B5%D1%82%20%D0%BF%D0%BE%20%D0%BF%D1%80%D0%B8%D1%87%D0%B8%D0%BD%D0%B0%D0%BC%20%D0%BE%D0%B1%D1%80%D0%B0%D1%89%D0%B5%D0%BD%D0%B8%D0%B9%20(%D1%81%D0%BE%20%D1%81%D1%86%D0%B5%D0%BD%D0%B0%D1%80%D0%B8%D1%8F%D0%BC%D0%B8%20%D1%80%D0%B5%D0%B3%D0%B8%D1%81%D1%82%D1%80%D0%B0%D1%86%D0%B8%D0%B8
2025-08-25 17:00:26,216 - __main__ - INFO - ✅ Сайт успешно открыт
2025-08-25 17:00:26,241 - __main__ - INFO - 📁 Создана директория для анализа: analysis
2025-08-25 17:00:26,252 - __main__ - INFO - 🔍 Анализируем структуру страницы...
2025-08-25 17:00:26,317 - __main__ - INFO - ✅ HTML структура сохранена в: analysis\page_structure_analysis_20250825_170026.html
2025-08-25 17:00:26,324 - __main__ - INFO - 🔍 Анализируем HTML элементы...
2025-08-25 17:00:36,357 - __main__ - INFO - 📊 ReportViewer элементов: 0
2025-08-25 17:00:46,375 - __main__ - INFO - 📋 Таблиц на странице: 0
2025-08-25 17:00:49,899 - __main__ - ERROR - ❌ Ошибка при анализе HTML элементов: ('Connection aborted.', ConnectionResetError(10054, 'Удаленный хост принудительно разорвал существующее подключение', None, 10054, None))
2025-08-25 17:00:49,909 - __main__ - INFO - ✅ Анализ страницы сохранен в: analysis\page_structure_analysis_20250825_170026.html
2025-08-25 17:00:49,914 - __main__ - INFO - 📊 Начинаем обработку отчета...
2025-08-25 17:00:49,919 - __main__ - INFO - 📅 Период отчета: с 26.07.2025 по 25.08.2025
2025-08-25 17:00:49,925 - __main__ - INFO - 📊 Тип периода: произвольный
2025-08-25 17:00:49,931 - __main__ - INFO - 🚀 Начинаем обработку отчета с нового сайта
2025-08-25 17:00:49,937 - __main__ - INFO - 🔄 Начинаем заполнение параметров отчета...
2025-08-25 17:00:56,076 - urllib3.connectionpool - WARNING - Retrying (Retry(total=2, connect=None, read=None, redirect=None, status=None)) after connection broken by 'NewConnectionError('<urllib3.connection.HTTPConnection object at 0x0000026E4F45EAD0>: Failed to establish a new connection: [WinError 10061] Подключение не установлено, т.к. конечный компьютер отверг запрос на подключение')': /session/b2da5a484e4bcd6891846fb0a0ccfe2c
